<?xml version="1.0" encoding="UTF-8"?>
<!-- Generated by org.testng.reporters.JUnitReportReporter -->
<testsuite skipped="0" hostname="Jodha-PC" name="testcases.SignInTest" tests="1" failures="0" timestamp="26 May 2018 21:58:13 GMT" time="6.746" errors="0">
  <testcase name="shouldThrowAnErrorIfSignInDetailsAreMissing" time="6.746" classname="testcases.SignInTest"/>
</testsuite> <!-- testcases.SignInTest -->
