<?xml version="1.0" encoding="UTF-8"?>
<!-- Generated by org.testng.reporters.JUnitReportReporter -->
<testsuite skipped="0" hostname="Jodha-PC" name="testScenario.HotelBookingTest" tests="1" failures="0" timestamp="26 May 2018 22:25:04 GMT" time="21.859" errors="0">
  <testcase name="shouldBeAbleToSearchForHotels" time="21.859" classname="testScenario.HotelBookingTest"/>
</testsuite> <!-- testScenario.HotelBookingTest -->
