<?xml version="1.0" encoding="UTF-8"?>
<!-- Generated by org.testng.reporters.JUnitReportReporter -->
<testsuite skipped="0" hostname="Jodha-PC" name="testcases.FlightBookingTest" tests="1" failures="0" timestamp="26 May 2018 13:24:10 GMT" time="3.263" errors="0">
  <testcase name="testThatResultsAppearForAOneWayJourney" time="3.263" classname="testcases.FlightBookingTest"/>
</testsuite> <!-- testcases.FlightBookingTest -->
