<?xml version="1.0" encoding="UTF-8"?>
<!-- Generated by org.testng.reporters.JUnitReportReporter -->
<testsuite skipped="0" hostname="Jodha-PC" name="testcases.HotelBookingTest" tests="1" failures="0" timestamp="26 May 2018 21:28:41 GMT" time="12.541" errors="0">
  <testcase name="shouldBeAbleToSearchForHotels" time="12.541" classname="testcases.HotelBookingTest"/>
</testsuite> <!-- testcases.HotelBookingTest -->
