<?xml version="1.0" encoding="UTF-8"?>
<!-- Generated by org.testng.reporters.JUnitReportReporter -->
<testsuite skipped="0" hostname="Jodha-PC" name="testcases.SignInTest" tests="1" failures="0" timestamp="26 May 2018 22:04:42 GMT" time="5.806" errors="0">
  <testcase name="shouldThrowAnErrorIfSignInDetailsAreMissing" time="5.806" classname="testcases.SignInTest"/>
</testsuite> <!-- testcases.SignInTest -->
