<?xml version="1.0" encoding="UTF-8"?>
<!-- Generated by org.testng.reporters.JUnitReportReporter -->
<testsuite skipped="0" hostname="Jodha-PC" name="testScenario.SignInTest" tests="1" failures="0" timestamp="26 May 2018 22:25:04 GMT" time="8.342" errors="0">
  <testcase name="shouldThrowAnErrorIfSignInDetailsAreMissing" time="8.342" classname="testScenario.SignInTest"/>
</testsuite> <!-- testScenario.SignInTest -->
