<?xml version="1.0" encoding="UTF-8"?>
<!-- Generated by org.testng.reporters.JUnitReportReporter -->
<testsuite skipped="0" hostname="Jodha-PC" name="testcases.HotelBookingTest" tests="1" failures="0" timestamp="26 May 2018 13:24:10 GMT" time="0.011" errors="0">
  <testcase name="checkSomething" time="0.011" classname="testcases.HotelBookingTest"/>
</testsuite> <!-- testcases.HotelBookingTest -->
