<?xml version="1.0" encoding="UTF-8"?>
<!-- Generated by org.testng.reporters.JUnitReportReporter -->
<testsuite skipped="0" hostname="Jodha-PC" name="testScenario.FlightBookingTest" tests="1" failures="0" timestamp="26 May 2018 22:25:04 GMT" time="14.775" errors="0">
  <testcase name="testThatResultsAppearForAOneWayJourney" time="14.775" classname="testScenario.FlightBookingTest"/>
</testsuite> <!-- testScenario.FlightBookingTest -->
